<?xml version="1.0" encoding="UTF-8"?>
<!-- Generated by org.testng.reporters.JUnitReportReporter -->
<testsuite hostname="DESKTOP-HT8AKO6" failures="0" tests="1" name="day14.HandleWebTable" time="0.071" errors="0" timestamp="2025-04-11T14:47:45 EDT" skipped="0">
  <testcase classname="day14.HandleWebTable" name="verifyHeaders" time="0.071"/>
</testsuite> <!-- day14.HandleWebTable -->
