<?xml version="1.0" encoding="UTF-8"?>
<!-- Generated by org.testng.reporters.JUnitReportReporter -->
<testsuite hostname="DESKTOP-HT8AKO6" failures="0" tests="1" name="day14.fileUpload" time="7.938" errors="0" timestamp="2025-04-11T14:36:54 EDT" skipped="0">
  <testcase classname="day14.fileUpload" name="upload" time="7.938"/>
</testsuite> <!-- day14.fileUpload -->
