<?xml version="1.0" encoding="UTF-8"?>
<!-- Generated by org.testng.reporters.JUnitReportReporter -->
<testsuite hostname="DESKTOP-HT8AKO6" failures="0" tests="2" name="day9.MultipleTestCases" time="17.921" errors="0" timestamp="2025-04-09T17:29:04 EDT" skipped="0">
  <testcase classname="day9.MultipleTestCases" name="scroll" time="9.730"/>
  <testcase classname="day9.MultipleTestCases" name="incognitoWindow" time="8.191"/>
</testsuite> <!-- day9.MultipleTestCases -->
