<?xml version="1.0" encoding="UTF-8"?>
<!-- Generated by org.testng.reporters.JUnitReportReporter -->
<testsuite hostname="DESKTOP-HT8AKO6" failures="0" tests="1" name="ShoppingTests.shoppingChild" time="5.933" errors="0" timestamp="2025-04-10T23:50:18 EDT" skipped="0">
  <testcase classname="ShoppingTests.shoppingChild" name="purchasebackPack" time="5.933"/>
</testsuite> <!-- ShoppingTests.shoppingChild -->
