<?xml version="1.0" encoding="UTF-8"?>
<!-- Generated by org.testng.reporters.JUnitReportReporter -->
<testsuite hostname="DESKTOP-HT8AKO6" failures="0" tests="2" name="day9.Testing_groups" time="0.011" errors="0" timestamp="2025-04-09T17:32:45 EDT" skipped="1">
  <testcase classname="day9.Testing_groups" name="mobile" time="0.011"/>
  <testcase classname="day9.Testing_groups" name="electronics">
    <skipped/>
  </testcase> <!-- electronics -->
</testsuite> <!-- day9.Testing_groups -->
