<?xml version="1.0" encoding="UTF-8"?>
<!-- Generated by org.testng.reporters.JUnitReportReporter -->
<testsuite hostname="DESKTOP-HT8AKO6" failures="0" tests="1" name="ShoppingTests.shopping" time="6.332" errors="0" timestamp="2025-04-09T21:30:53 EDT" skipped="0">
  <testcase classname="ShoppingTests.shopping" name="purchasebackPack" time="6.332"/>
</testsuite> <!-- ShoppingTests.shopping -->
