<?xml version="1.0" encoding="UTF-8"?>
<!-- Generated by org.testng.reporters.JUnitReportReporter -->
<testsuite hostname="DESKTOP-HT8AKO6" failures="0" tests="1" name="TestPractise.Not_Main" time="0.011" errors="0" timestamp="2025-04-11T14:16:20 EDT" skipped="0">
  <testcase classname="TestPractise.Not_Main" name="aMain" time="0.011"/>
</testsuite> <!-- TestPractise.Not_Main -->
