<?xml version="1.0" encoding="UTF-8"?>
<!-- Generated by org.testng.reporters.JUnitReportReporter -->
<testsuite hostname="DESKTOP-HT8AKO6" failures="0" tests="2" name="day10.BeforeMethod_Example" time="19.453" errors="0" timestamp="2025-04-09T20:55:25 EDT" skipped="0">
  <testcase classname="day10.BeforeMethod_Example" name="HandleFrames" time="6.639"/>
  <testcase classname="day10.BeforeMethod_Example" name="Alerts" time="12.814"/>
</testsuite> <!-- day10.BeforeMethod_Example -->
