<?xml version="1.0" encoding="UTF-8"?>
<!-- Generated by org.testng.reporters.JUnitReportReporter -->
<testsuite hostname="DESKTOP-HT8AKO6" failures="0" tests="2" name="day10.TestNG_Example2" time="12.687" errors="0" timestamp="2025-04-09T21:05:42 EDT" skipped="0">
  <testcase classname="day10.TestNG_Example2" name="Alerts" time="5.528"/>
  <testcase classname="day10.TestNG_Example2" name="Incognito" time="7.159"/>
</testsuite> <!-- day10.TestNG_Example2 -->
