<?xml version="1.0" encoding="UTF-8"?>
<!-- Generated by org.testng.reporters.JUnitReportReporter -->
<testsuite hostname="DESKTOP-HT8AKO6" failures="0" tests="5" name="day9.Groupss" time="0.016" errors="0" timestamp="2025-04-09T17:34:44 EDT" skipped="0">
  <testcase classname="day9.Groupss" name="Test5" time="0.002"/>
  <testcase classname="day9.Groupss" name="Test1" time="0.010"/>
  <testcase classname="day9.Groupss" name="Test2" time="0.002"/>
  <testcase classname="day9.Groupss" name="Test3" time="0.001"/>
  <testcase classname="day9.Groupss" name="Test4" time="0.001"/>
</testsuite> <!-- day9.Groupss -->
