<?xml version="1.0" encoding="UTF-8"?>
<!-- Generated by org.testng.reporters.JUnitReportReporter -->
<testsuite hostname="DESKTOP-HT8AKO6" failures="0" tests="2" name="day10.BeforeTest_Example" time="9.569" errors="0" timestamp="2025-04-09T20:56:38 EDT" skipped="0">
  <testcase classname="day10.BeforeTest_Example" name="HandleFrames" time="1.339"/>
  <testcase classname="day10.BeforeTest_Example" name="Alerts" time="8.230"/>
</testsuite> <!-- day10.BeforeTest_Example -->
