<?xml version="1.0" encoding="UTF-8"?>
<!-- Generated by org.testng.reporters.JUnitReportReporter -->
<testsuite hostname="DESKTOP-HT8AKO6" failures="0" tests="1" name="day11.shopping_day11" time="6.095" errors="0" timestamp="2025-04-09T21:42:24 EDT" skipped="0">
  <testcase classname="day11.shopping_day11" name="purchasebackPack" time="6.095"/>
</testsuite> <!-- day11.shopping_day11 -->
